<?xml version="1.0" encoding="utf-8" standalone="no"?>
<test-run id="0" runstate="Runnable" testcasecount="0" result="Failed" label="Invalid" total="0" passed="0" failed="0" inconclusive="0" skipped="0" asserts="0" engine-version="3.11.1.0" clr-version="4.0.30319.42000" start-time="2020-09-01 12:32:19Z" end-time="2020-09-01 12:32:20Z" duration="0.687231">
  <command-line><![CDATA[C:\Users\egormatveev\Sprint_server\data\solutions\2288\Calculator\test_folder\nunit3-console.exe data\solutions\2288\Calculator\test_folder\1.dll]]></command-line>
  <test-suite type="Assembly" id="0-1" name="1.dll" fullname="C:\Users\egormatveev\Sprint_server\data\solutions\2288\Calculator\test_folder\data\solutions\2288\Calculator\test_folder\1.dll" testcasecount="0" runstate="NotRunnable" result="Failed" label="Invalid">
    <properties>
      <property name="_SKIPREASON" value="File not found: C:\Users\egormatveev\Sprint_server\data\solutions\2288\Calculator\test_folder\data\solutions\2288\Calculator\test_folder\1.dll" />
    </properties>
    <reason>
      <message>File not found: C:\Users\egormatveev\Sprint_server\data\solutions\2288\Calculator\test_folder\data\solutions\2288\Calculator\test_folder\1.dll</message>
    </reason>
  </test-suite>
</test-run>