<?xml version="1.0" encoding="utf-8" standalone="no"?>
<test-run id="0" runstate="Runnable" testcasecount="1" result="Passed" total="1" passed="1" failed="0" inconclusive="0" skipped="0" asserts="1" engine-version="3.11.1.0" clr-version="4.0.30319.42000" start-time="2020-09-05 12:47:38Z" end-time="2020-09-05 12:47:39Z" duration="0.999240">
  <command-line><![CDATA[C:\Users\egormatveev\Sprint_server\data\solutions\2292\Calculator\test_folder\nunit3-console.exe 1.dll]]></command-line>
  <test-suite type="Assembly" id="0-1002" name="1.dll" fullname="C:\Users\egormatveev\Sprint_server\data\solutions\2292\Calculator\test_folder\1.dll" runstate="Runnable" testcasecount="1" result="Passed" start-time="2020-09-05 12:47:39Z" end-time="2020-09-05 12:47:39Z" duration="0.039459" total="1" passed="1" failed="0" warnings="0" inconclusive="0" skipped="0" asserts="1">
    <environment framework-version="3.11.0.0" clr-version="4.0.30319.42000" os-version="Microsoft Windows NT 10.0.18362" platform="Win32NT" cwd="C:\Users\egormatveev\Sprint_server\data\solutions\2292\Calculator\test_folder" machine-name="32D2" user="egormatveev" user-domain="32D2" culture="ru-RU" uiculture="ru-RU" os-architecture="x64" />
    <settings>
      <setting name="DisposeRunners" value="True" />
      <setting name="WorkDirectory" value="C:\Users\egormatveev\Sprint_server\data\solutions\2292\Calculator\test_folder" />
      <setting name="ImageRuntimeVersion" value="4.0.30319" />
      <setting name="ImageRequiresX86" value="False" />
      <setting name="ImageRequiresDefaultAppDomainAssemblyResolver" value="False" />
      <setting name="RuntimeFramework" value="mono-4.0" />
      <setting name="NumberOfTestWorkers" value="2" />
    </settings>
    <properties>
      <property name="_PID" value="6444" />
      <property name="_APPDOMAIN" value="domain-" />
    </properties>
    <test-suite type="TestSuite" id="0-1003" name="TestProject2" fullname="TestProject2" runstate="Runnable" testcasecount="1" result="Passed" start-time="2020-09-05 12:47:39Z" end-time="2020-09-05 12:47:39Z" duration="0.027951" total="1" passed="1" failed="0" warnings="0" inconclusive="0" skipped="0" asserts="1">
      <test-suite type="TestFixture" id="0-1000" name="Tests" fullname="TestProject2.Tests" classname="TestProject2.Tests" runstate="Runnable" testcasecount="1" result="Passed" start-time="2020-09-05 12:47:39Z" end-time="2020-09-05 12:47:39Z" duration="0.025992" total="1" passed="1" failed="0" warnings="0" inconclusive="0" skipped="0" asserts="1">
        <test-case id="0-1001" name="Test1" fullname="TestProject2.Tests.Test1" methodname="Test1" classname="TestProject2.Tests" runstate="Runnable" seed="251067343" result="Passed" start-time="2020-09-05 12:47:39Z" end-time="2020-09-05 12:47:39Z" duration="0.018332" asserts="1" />
      </test-suite>
    </test-suite>
  </test-suite>
</test-run>