<?xml version="1.0" encoding="utf-8" standalone="no"?>
<test-run id="0" runstate="Runnable" testcasecount="2" result="Passed" total="2" passed="2" failed="0" inconclusive="0" skipped="0" asserts="2" engine-version="3.11.1.0" clr-version="4.0.30319.42000" start-time="2020-11-12 19:57:40Z" end-time="2020-11-12 19:57:43Z" duration="2.730591">
  <command-line><![CDATA[C:\Users\egormatveev\Sprint_server\data\solutions\2476\Solution\test_folder\nunit3-console.exe 9.dll]]></command-line>
  <test-suite type="Assembly" id="0-1003" name="9.dll" fullname="C:\Users\egormatveev\Sprint_server\data\solutions\2476\Solution\test_folder\9.dll" runstate="Runnable" testcasecount="2" result="Passed" start-time="2020-11-12 19:57:43Z" end-time="2020-11-12 19:57:43Z" duration="0.134187" total="2" passed="2" failed="0" warnings="0" inconclusive="0" skipped="0" asserts="2">
    <environment framework-version="3.11.0.0" clr-version="4.0.30319.42000" os-version="Microsoft Windows NT 10.0.18362" platform="Win32NT" cwd="C:\Users\egormatveev\Sprint_server\data\solutions\2476\Solution\test_folder" machine-name="32D2" user="egormatveev" user-domain="32D2" culture="ru-RU" uiculture="ru-RU" os-architecture="x64" />
    <settings>
      <setting name="DisposeRunners" value="True" />
      <setting name="WorkDirectory" value="C:\Users\egormatveev\Sprint_server\data\solutions\2476\Solution\test_folder" />
      <setting name="ImageRuntimeVersion" value="4.0.30319" />
      <setting name="ImageRequiresX86" value="False" />
      <setting name="ImageRequiresDefaultAppDomainAssemblyResolver" value="False" />
      <setting name="RuntimeFramework" value="mono-4.0" />
      <setting name="NumberOfTestWorkers" value="2" />
    </settings>
    <properties>
      <property name="_PID" value="8844" />
      <property name="_APPDOMAIN" value="domain-" />
    </properties>
    <test-suite type="TestSuite" id="0-1004" name="TestsProject" fullname="TestsProject" runstate="Runnable" testcasecount="2" result="Passed" start-time="2020-11-12 19:57:43Z" end-time="2020-11-12 19:57:43Z" duration="0.111622" total="2" passed="2" failed="0" warnings="0" inconclusive="0" skipped="0" asserts="2">
      <test-suite type="TestFixture" id="0-1000" name="Tests" fullname="TestsProject.Tests" classname="TestsProject.Tests" runstate="Runnable" testcasecount="2" result="Passed" start-time="2020-11-12 19:57:43Z" end-time="2020-11-12 19:57:43Z" duration="0.107257" total="2" passed="2" failed="0" warnings="0" inconclusive="0" skipped="0" asserts="2">
        <test-case id="0-1001" name="Test1" fullname="TestsProject.Tests.Test1" methodname="Test1" classname="TestsProject.Tests" runstate="Runnable" seed="1642858479" result="Passed" start-time="2020-11-12 19:57:43Z" end-time="2020-11-12 19:57:43Z" duration="0.072882" asserts="1" />
        <test-case id="0-1002" name="Test2" fullname="TestsProject.Tests.Test2" methodname="Test2" classname="TestsProject.Tests" runstate="Runnable" seed="146239011" result="Passed" start-time="2020-11-12 19:57:43Z" end-time="2020-11-12 19:57:43Z" duration="0.017432" asserts="1" />
      </test-suite>
    </test-suite>
  </test-suite>
</test-run>