<?xml version="1.0" encoding="utf-8" standalone="no"?>
<test-run start-time="2020-09-06 13:12:12Z">
  <command-line><![CDATA[C:\Users\egormatveev\Sprint_server\data\solutions\2294\Calculator\test_folder\nunit3-console.exe 1.dll]]></command-line>
</test-run>